09:50:48 **** Build of configuration Debug for project hello_world ****
make all 
Building file: ../src/hello_world.cpp
Invoking: GCC C++ Compiler
g++ -O0 -g3 -Wall -c -fmessage-length=0 -MMD -MP -MF"src/hello_world.d" -MT"src/hello_world.d" -o "src/hello_world.o" "../src/hello_world.cpp"
Finished building: ../src/hello_world.cpp
 
Building target: hello_world
Invoking: GCC C++ Linker
g++  -o "hello_world"  ./src/hello_world.o   
Finished building target: hello_world
 
09:53:25 **** Incremental Build of configuration Debug for project hello_world ****
make all 
make: Nothing to be done for 'all'.
09:54:23 **** Incremental Build of configuration Debug for project hello_world ****
make all 
make: Nothing to be done for 'all'.
09:54:33 **** Incremental Build of configuration Debug for project hello_world ****
make all 
Building file: ../src/hello_world.cpp
Invoking: GCC C++ Compiler
g++ -O0 -g3 -Wall -c -fmessage-length=0 -MMD -MP -MF"src/hello_world.d" -MT"src/hello_world.d" -o "src/hello_world.o" "../src/hello_world.cpp"
Finished building: ../src/hello_world.cpp
 
Building target: hello_world
Invoking: GCC C++ Linker
g++  -o "hello_world"  ./src/hello_world.o   
Finished building target: hello_world
 
22:06:47 **** Incremental Build of configuration Debug for project hello_world ****
make all 
make: Nothing to be done for 'all'.
